<?xml version="1.0" encoding="UTF-8"?>
<!-- Generated by org.testng.reporters.JUnitReportReporter -->
<testsuite hostname="Piyush-PC" failures="0" tests="2" name="UdemyClass.ErrorValidationTest" time="13.963" errors="0" timestamp="2024-04-04T14:17:37 IST" skipped="0">
  <testcase classname="UdemyClass.ErrorValidationTest" name="loginErrorValidation" time="7.365"/>
  <system-out/>
  <testcase classname="UdemyClass.ErrorValidationTest" name="productErrorValidation" time="6.598"/>
  <system-out/>
</testsuite> <!-- UdemyClass.ErrorValidationTest -->
