<?xml version="1.0" encoding="UTF-8"?>
<!-- Generated by org.testng.reporters.JUnitReportReporter -->
<testsuite hostname="Piyush-PC" failures="0" tests="2" name="UdemyClass.ErrorValidationTest" time="13.433" errors="0" timestamp="2024-04-04T14:20:12 IST" skipped="0">
  <testcase classname="UdemyClass.ErrorValidationTest" name="loginErrorValidation" time="6.027"/>
  <testcase classname="UdemyClass.ErrorValidationTest" name="productErrorValidation" time="7.406"/>
</testsuite> <!-- UdemyClass.ErrorValidationTest -->
